<?xml version="1.0" encoding="UTF-8"?>
<!-- Generated by org.testng.reporters.JUnitXMLReporter -->
<testsuite ignored="0" hostname="LAPTOP-PH3UBOCH" failures="1" tests="2" name="Test" time="4.126" errors="0" timestamp="2021-06-26T12:06:36 IST">
  <testcase classname="test.ShoppingTest" name="LoginTest2" time="0.314"/>
  <testcase classname="test.ShoppingTest" name="addcartTest" time="0.201">
    <failure type="java.lang.NullPointerException">
      <![CDATA[java.lang.NullPointerException
at Shopping.SwagLabs.AddtoCart(SwagLabs.java:83)
at test.ShoppingTest.addcartTest(ShoppingTest.java:24)
at java.base/java.util.ArrayList.forEach(ArrayList.java:1507)
... Removed 27 stack frames]]>
    </failure>
  </testcase> <!-- addcartTest -->
</testsuite> <!-- Test -->
