<?xml version="1.0" encoding="UTF-8"?>
<testng-results ignored="0" total="2" passed="2" failed="0" skipped="0">
  <reporter-output>
  </reporter-output>
  <suite started-at="2021-06-20T12:48:37 IST" name="Suite" finished-at="2021-06-20T12:48:42 IST" duration-ms="4700">
    <groups>
    </groups>
    <test started-at="2021-06-20T12:48:37 IST" name="Test" finished-at="2021-06-20T12:48:42 IST" duration-ms="4700">
      <class name="Shopping.SwagLabs">
        <test-method is-config="true" signature="setup()[pri:0, instance:Shopping.SwagLabs@2f177a4b]" started-at="2021-06-20T12:48:37 IST" name="setup" finished-at="2021-06-20T12:48:40 IST" duration-ms="2929" status="PASS">
          <reporter-output>
          </reporter-output>
        </test-method> <!-- setup -->
        <test-method signature="LoginTest(java.lang.String, java.lang.String)[pri:0, instance:Shopping.SwagLabs@2f177a4b]" started-at="2021-06-20T12:48:40 IST" name="LoginTest" finished-at="2021-06-20T12:48:40 IST" duration-ms="560" status="PASS">
          <params>
            <param index="0">
              <value>
                <![CDATA[standard_user]]>
              </value>
            </param>
            <param index="1">
              <value>
                <![CDATA[secret_sauce]]>
              </value>
            </param>
          </params>
          <reporter-output>
          </reporter-output>
        </test-method> <!-- LoginTest -->
        <test-method signature="AddtoCart()[pri:0, instance:Shopping.SwagLabs@2f177a4b]" started-at="2021-06-20T12:48:40 IST" name="AddtoCart" finished-at="2021-06-20T12:48:41 IST" depends-on-methods="Shopping.SwagLabs.LoginTest" duration-ms="473" status="PASS">
          <reporter-output>
          </reporter-output>
        </test-method> <!-- AddtoCart -->
        <test-method is-config="true" signature="teardown()[pri:0, instance:Shopping.SwagLabs@2f177a4b]" started-at="2021-06-20T12:48:41 IST" name="teardown" finished-at="2021-06-20T12:48:42 IST" duration-ms="693" status="PASS">
          <reporter-output>
          </reporter-output>
        </test-method> <!-- teardown -->
      </class> <!-- Shopping.SwagLabs -->
    </test> <!-- Test -->
  </suite> <!-- Suite -->
</testng-results>
